<?xml version="1.0" encoding="UTF-8"?>
<!-- Generated by org.testng.reporters.JUnitReportReporter -->
<testsuite skipped="0" hostname="DESKTOP-9URK2P8" name="com.example.tests.CT02ValidarCriticaCamposObrigatorios" tests="1" failures="0" timestamp="7 Sep 2021 21:50:25 GMT" time="8.574" errors="0">
  <testcase name="testCT02ValidarCriticaCamposObrigatorios" time="8.574" classname="com.example.tests.CT02ValidarCriticaCamposObrigatorios"/>
</testsuite> <!-- com.example.tests.CT02ValidarCriticaCamposObrigatorios -->
