<?xml version="1.0" encoding="UTF-8"?>
<!-- Generated by org.testng.reporters.JUnitReportReporter -->
<testsuite skipped="0" hostname="DESKTOP-9URK2P8" name="com.example.tests.CT03EnviarMensagem" tests="1" failures="0" timestamp="7 Sep 2021 21:50:25 GMT" time="12.826" errors="0">
  <testcase name="testCT03EnviarMensagem" time="12.826" classname="com.example.tests.CT03EnviarMensagem"/>
</testsuite> <!-- com.example.tests.CT03EnviarMensagem -->
