<?xml version="1.0" encoding="UTF-8"?>
<!-- Generated by org.testng.reporters.JUnitReportReporter -->
<testsuite skipped="0" hostname="DESKTOP-9URK2P8" name="com.example.tests.CT01ValidarLayout" tests="1" failures="0" timestamp="7 Sep 2021 21:50:25 GMT" time="8.358" errors="0">
  <testcase name="testCT01ValidarLayout" time="8.358" classname="com.example.tests.CT01ValidarLayout"/>
</testsuite> <!-- com.example.tests.CT01ValidarLayout -->
